<?xml version="1.0" encoding="UTF-8"?>
<!-- Generated by org.testng.reporters.JUnitReportReporter -->
<testsuite hostname="HarunRashid-PC" name="com.org.TestScripts.LangingPageVerification" tests="1" failures="0" timestamp="3 Feb 2019 16:33:49 GMT" time="9.122" errors="0">
  <testcase name="langingPageVerification" time="9.122" classname="com.org.TestScripts.LangingPageVerification"/>
</testsuite> <!-- com.org.TestScripts.LangingPageVerification -->
